build/app/outputs/mapping/release/seeds.txt
com.example.sos_mobile.MainActivity: MainActivity()
com.example.sos_mobile.MainActivity
...
io.flutter.embedding.engine.FlutterJNI: android.graphics.Bitmap getBitmap()
androidx.window.embedding.SplitPairRule: java.util.Set getFilters()
androidx.window.layout.SidecarWindowBackend: void callbackRemovedForActivity(android.app.Activity)
kotlinx.coroutines.android.AndroidDispatcherFactory: java.lang.String hintOnError()
androidx.window.layout.SidecarAdapter: boolean isEqualSidecarDisplayFeatures(java.util.List,java.util.List)
androidx.window.layout.SidecarWindowBackend$ExtensionListenerImpl: void onWindowLayoutChanged(android.app.Activity,androidx.window.layout.WindowLayoutInfo)
androidx.window.embedding.SplitRule: int getMinWidth()
androidx.window.R$styleable: int[] ActivityFilter
kotlinx.coroutines.android.AndroidExceptionPreHandler: java.lang.Object _preHandler
androidx.lifecycle.Lifecycling$1
kotlinx.coroutines.JobSupport$Finishing
kotlinx.coroutines.internal.LockFreeLinkedListNode$CondAddOp
androidx.window.embedding.ExtensionEmbeddingBackend$SplitListenerWrapper: androidx.core.util.Consumer getCallback()
io.flutter.embedding.engine.FlutterJNI: void onVsync(long,long,long)
androidx.window.R$styleable: int SplitPairRule_finishPrimaryWithSecondary
kotlinx.coroutines.JobSupport$addLastAtomic$$inlined$addLastIf$1
androidx.window.core.Version: java.lang.String description
io.flutter.view.AccessibilityViewEmbedder: AccessibilityViewEmbedder(android.view.View,int)
io.flutter.embedding.engine.FlutterJNI: void nativeDispatchEmptyPlatformMessage(long,java.lang.String,int)
io.flutter.embedding.engine.FlutterJNI: void dispatchSemanticsAction(int,io.flutter.view.AccessibilityBridge$Action,java.lang.Object)
kotlin.jvm.internal.FunctionReference: boolean isOperator()
io.flutter.plugin.platform.SingleViewPresentation: java.lang.Object createParams
androidx.window.layout.WindowMetricsCalculator$Companion$reset$1: java.lang.Object invoke(java.lang.Object)
androidx.window.layout.HardwareFoldingFeature
androidx.window.layout.HardwareFoldingFeature$Type: androidx.window.layout.HardwareFoldingFeature$Type FOLD
io.flutter.embedding.engine.FlutterJNI: void nativeNotifyLowMemoryWarning(long)
kotlin.jvm.internal.CallableReference: boolean isSuspend()
androidx.window.layout.WindowMetricsCalculatorCompat: android.graphics.Rect computeWindowBoundsIceCreamSandwich$window_release(android.app.Activity)
androidx.window.core.Version: androidx.window.core.Version access$getCURRENT$cp()
io.flutter.embedding.engine.FlutterJNI: void loadDartDeferredLibrary(int,java.lang.String[])
androidx.window.embedding.ActivityFilter: boolean matchesIntent(android.content.Intent)
androidx.window.layout.WindowLayoutInfo: WindowLayoutInfo(java.util.List)
io.flutter.view.AccessibilityViewEmbedder: java.util.Map originToFlutterId
androidx.window.layout.ExtensionWindowLayoutInfoBackend$MulticastConsumer: void accept(java.lang.Object)
androidx.window.embedding.SplitInfo: float splitRatio
androidx.window.java.layout.WindowInfoTrackerCallbackAdapter$addListener$1$1: int label
androidx.window.layout.WindowMetricsCalculator$Companion: androidx.window.layout.WindowMetricsCalculator$Companion $$INSTANCE
androidx.window.embedding.ExtensionEmbeddingBackend: androidx.window.embedding.ExtensionEmbeddingBackend$Companion Companion
androidx.window.layout.HardwareFoldingFeature: java.lang.String toString()
androidx.window.core.Bounds: int top
androidx.window.embedding.EmbeddingCompat: androidx.window.embedding.EmbeddingCompat$Companion Companion
androidx.window.layout.ExtensionWindowLayoutInfoBackend$MulticastConsumer: void addListener(androidx.core.util.Consumer)
androidx.window.layout.SidecarCompat$DistinctSidecarElementCallback: void onWindowLayoutChanged(android.os.IBinder,androidx.window.sidecar.SidecarWindowLayoutInfo)
io.flutter.embedding.engine.FlutterJNI: void onSurfaceDestroyed()
androidx.window.layout.SidecarCompat$FirstAttachAdapter: void onViewAttachedToWindow(android.view.View)