build/app/outputs/mapping/release/usage.txt
com.example.sos_mobile.R$attr
com.example.sos_mobile.R$drawable
com.example.sos_mobile.BuildConfig
com.example.sos_mobile.R$color
com.example.sos_mobile.R
com.example.sos_mobile.R$mipmap
com.example.sos_mobile.R$id
com.example.sos_mobile.R$integer
com.example.sos_mobile.R$styleable
com.example.sos_mobile.R$style
com.example.sos_mobile.R$dimen
com.example.sos_mobile.R$string
com.example.sos_mobile.R$layout
...
kotlin.DeepRecursiveKt
kotlin.UnsafeLazyImpl
com.google.common.collect.ImmutableSortedMap$SerializedForm
kotlinx.coroutines.flow.FlowKt__TransformKt$filterNotNull$$inlined$unsafeTransform$1$2$1
androidx.core.app.AppLaunchChecker
kotlin.comparisons.ReversedComparator
com.google.common.collect.ImmutableList$Itr
com.google.common.collect.ImmutableList$Builder
io.flutter.plugin.editing.TextEditingDelta:
    public java.lang.CharSequence getOldText()
    public java.lang.CharSequence getDeltaText()
    public int getDeltaStart()
    public int getDeltaEnd()
    public int getNewSelectionStart()
    public int getNewSelectionEnd()
    public int getNewComposingStart()
    public int getNewComposingEnd()
    private static final java.lang.String TAG
kotlinx.coroutines.flow.FlowKt__DelayKt$debounceInternal$1$3$2
kotlin.UShort
kotlin.collections.builders.MapBuilder$EntryRef
com.google.common.util.concurrent.AbstractService$6
kotlinx.coroutines.flow.FlowKt__DelayKt$sample$2
com.google.common.reflect.Types$ClassOwnership$3
androidx.loader.content.ModernAsyncTask$3
kotlin.jvm.functions.Function7:
    public abstract java.lang.Object invoke(java.lang.Object,java.lang.Object,java.lang.Object,java.lang.Object,java.lang.Object,java.lang.Object,java.lang.Object)
kotlinx.coroutines.ParentJob$DefaultImpls
com.google.common.base.StandardSystemProperty
com.tekartik.sqflite.R$drawable
com.google.common.collect.ImmutableRangeSet$AsSet
com.google.common.collect.MutableClassToInstanceMap
kotlinx.coroutines.internal.ThreadLocalKt
com.google.common.util.concurrent.AbstractFuture$SafeAtomicHelper
com.google.common.io.BaseEncoding$StandardBaseEncoding$2
kotlinx.coroutines.flow.FlowKt__ReduceKt$singleOrNull$1
androidx.lifecycle.ClassesInfoCache$CallbackInfo:
    void <init>(java.util.Map)
    private static void invokeMethodsForEvent(java.util.List,androidx.lifecycle.LifecycleOwner,androidx.lifecycle.Lifecycle$Event,java.lang.Object)
    final java.util.Map mEventToHandlers
    final java.util.Map mHandlerToEvent
com.google.common.collect.DenseImmutableTable$1
kotlinx.coroutines.AwaitAll
com.google.common.reflect.ImmutableTypeToInstanceMap$Builder
kotlinx.coroutines.UndispatchedCoroutine:
    public void <init>(kotlin.coroutines.CoroutineContext,kotlin.coroutines.Continuation)
com.google.common.collect.CompactLinkedHashMap
com.google.common.util.concurrent.ForwardingListenableFuture
androidx.core.text.util.LinkifyCompat$1
com.google.common.collect.MapMakerInternalMap$Strength
com.google.common.util.concurrent.SmoothRateLimiter$SmoothWarmingUp
com.google.common.base.CharMatcher$Negated
androidx.core.net.UriCompat
kotlinx.coroutines.ThreadContextElementKt
com.google.common.collect.MultimapBuilder$MultimapBuilderWithKeys$2
androidx.core.util.Pools
androidx.annotation.MenuRes
com.google.common.base.Splitter$2
com.google.common.base.Predicates$AndPredicate
com.google.common.util.concurrent.UncheckedExecutionException
com.google.common.collect.Cut$BelowValue
io.flutter.plugin.platform.PlatformViewRegistry:
    public abstract boolean registerViewFactory(java.lang.String,io.flutter.plugin.platform.PlatformViewFactory)
com.google.common.cache.CacheLoader$FunctionToCacheLoader
kotlin.UByteArrayKt
javax.annotation.concurrent.Immutable
kotlinx.coroutines.flow.FlowKt__ErrorsKt$retryWhen$$inlined$unsafeFlow$1$1
com.google.common.reflect.AbstractInvocationHandler
kotlin.collections.MapsKt__MapWithDefaultKt:
    public static final java.lang.Object getOrImplicitDefaultNullable(java.util.Map,java.lang.Object)
    public static final java.util.Map withDefault(java.util.Map,kotlin.jvm.functions.Function1)
    public static final java.util.Map withDefaultMutable(java.util.Map,kotlin.jvm.functions.Function1)
    public void <init>()
kotlin.ranges.CharProgression$Companion
kotlin.comparisons.ComparisonsKt__ComparisonsKt$compareBy$3
com.google.common.collect.ForwardingNavigableMap$StandardDescendingMap